生成启动时间为 2013/7/17 0:45:45。
     1>项目“E:\WorkStation\research\StockStore\StockStore\StockStore.vcxproj”在节点 2 上(build 个目标)。
     1>InitializeBuildStatus:
         正在创建“Debug\StockStore.unsuccessfulbuild”，因为已指定“AlwaysCreate”。
       ClCompile:
         E:\ProgramFiles\Microsoft Visual Studio 10.0\VC\bin\CL.exe /c /ZI /nologo /W3 /WX- /Od /Oy- /D WIN32 /D _DEBUG /D _CONSOLE /D _UNICODE /D UNICODE /Gm /EHsc /RTC1 /MDd /GS /fp:precise /Zc:wchar_t /Zc:forScope /Fo"Debug\\" /Fd"Debug\vc100.pdb" /Gd /TP /analyze- /errorReport:prompt Main.cpp NumberTree.cpp StockTree.cpp
         Main.cpp
         正在生成代码...
         正在编译...
         NumberTree.cpp
         正在生成代码...
         正在跳过...(未检测到相关更改)
         StockTree.cpp
       ManifestResourceCompile:
         所有输出均为最新。
       Link:
         E:\ProgramFiles\Microsoft Visual Studio 10.0\VC\bin\link.exe /ERRORREPORT:PROMPT /OUT:"E:\WorkStation\research\StockStore\Debug\StockStore.exe" /INCREMENTAL /NOLOGO kernel32.lib user32.lib gdi32.lib winspool.lib comdlg32.lib advapi32.lib shell32.lib ole32.lib oleaut32.lib uuid.lib odbc32.lib odbccp32.lib /MANIFEST /ManifestFile:"Debug\StockStore.exe.intermediate.manifest" /MANIFESTUAC:"level='asInvoker' uiAccess='false'" /DEBUG /PDB:"E:\WorkStation\research\StockStore\Debug\StockStore.pdb" /SUBSYSTEM:CONSOLE /TLBID:1 /DYNAMICBASE /NXCOMPAT /IMPLIB:"E:\WorkStation\research\StockStore\Debug\StockStore.lib" /MACHINE:X86 Debug\StockStore.exe.embed.manifest.res
         Debug\Main.obj
         Debug\NumberTree.obj
         Debug\Stock.obj
         Debug\StockTree.obj
       Manifest:
         C:\Program Files (x86)\Microsoft SDKs\Windows\v7.0A\bin\mt.exe /nologo /verbose /out:"Debug\StockStore.exe.embed.manifest" /manifest Debug\StockStore.exe.intermediate.manifest
         所有输出均为最新。
       LinkEmbedManifest:
         所有输出均为最新。
         StockStore.vcxproj -> E:\WorkStation\research\StockStore\Debug\StockStore.exe
       FinalizeBuildStatus:
         正在删除文件“Debug\StockStore.unsuccessfulbuild”。
         正在对“Debug\StockStore.lastbuildstate”执行 Touch 任务。
     1>已完成生成项目“E:\WorkStation\research\StockStore\StockStore\StockStore.vcxproj”(build 个目标)的操作。

生成成功。

已用时间 00:00:00.58
