E:\WorkStation\research\StockStore\Debug\StockStore.pdb
E:\WorkStation\research\StockStore\StockStore\Debug\cl.command.1.tlog
E:\WorkStation\research\StockStore\StockStore\Debug\CL.read.1.tlog
E:\WorkStation\research\StockStore\StockStore\Debug\CL.write.1.tlog
E:\WorkStation\research\StockStore\StockStore\Debug\link.3760.read.1.tlog
E:\WorkStation\research\StockStore\StockStore\Debug\link.3760.write.1.tlog
E:\WorkStation\research\StockStore\StockStore\Debug\link.3760-cvtres.read.1.tlog
E:\WorkStation\research\StockStore\StockStore\Debug\link.3760-cvtres.write.1.tlog
E:\WorkStation\research\StockStore\StockStore\Debug\link.command.1.tlog
E:\WorkStation\research\StockStore\StockStore\Debug\link.read.1.tlog
E:\WorkStation\research\StockStore\StockStore\Debug\link.write.1.tlog
E:\WorkStation\research\StockStore\StockStore\Debug\link-cvtres.read.1.tlog
E:\WorkStation\research\StockStore\StockStore\Debug\link-cvtres.write.1.tlog
E:\WORKSTATION\RESEARCH\STOCKSTORE\STOCKSTORE\DEBUG\MAIN.OBJ
E:\WorkStation\research\StockStore\StockStore\Debug\mt.command.1.tlog
E:\WorkStation\research\StockStore\StockStore\Debug\mt.read.1.tlog
E:\WorkStation\research\StockStore\StockStore\Debug\mt.write.1.tlog
E:\WORKSTATION\RESEARCH\STOCKSTORE\STOCKSTORE\DEBUG\NUMBERTREE.OBJ
E:\WorkStation\research\StockStore\StockStore\Debug\rc.command.1.tlog
E:\WorkStation\research\StockStore\StockStore\Debug\rc.read.1.tlog
E:\WorkStation\research\StockStore\StockStore\Debug\rc.write.1.tlog
E:\WORKSTATION\RESEARCH\STOCKSTORE\STOCKSTORE\DEBUG\STOCK.OBJ
E:\WORKSTATION\RESEARCH\STOCKSTORE\STOCKSTORE\DEBUG\STOCKSTORE.DLL.EMBED.MANIFEST
E:\WORKSTATION\RESEARCH\STOCKSTORE\STOCKSTORE\DEBUG\STOCKSTORE.DLL.EMBED.MANIFEST.RES
E:\WorkStation\research\StockStore\StockStore\Debug\StockStore.dll.intermediate.manifest
E:\WorkStation\research\StockStore\StockStore\Debug\StockStore_manifest.rc
E:\WORKSTATION\RESEARCH\STOCKSTORE\STOCKSTORE\DEBUG\STOCKTREE.OBJ
E:\WorkStation\research\StockStore\StockStore\Debug\vc100.idb
E:\WORKSTATION\RESEARCH\STOCKSTORE\STOCKSTORE\DEBUG\VC100.PDB
