生成启动时间为 2013/7/18 23:08:58。
     1>项目“E:\WorkStation\research\StockStore\StockStoreLib\StockStoreLib.vcxproj”在节点 2 上(build 个目标)。
     1>InitializeBuildStatus:
         正在对“Debug\StockStoreLib.unsuccessfulbuild”执行 Touch 任务。
       ClCompile:
         所有输出均为最新。
       ResourceCompile:
         所有输出均为最新。
       ManifestResourceCompile:
         所有输出均为最新。
       Link:
         E:\ProgramFiles\Microsoft Visual Studio 10.0\VC\bin\link.exe /ERRORREPORT:PROMPT /OUT:"E:\WorkStation\research\StockStore\Debug\StockStoreLib.dll" /INCREMENTAL /NOLOGO /LIBPATH:E:\WorkStation\research\StockStore\lib lua5.1.lib kernel32.lib user32.lib gdi32.lib winspool.lib comdlg32.lib advapi32.lib shell32.lib ole32.lib oleaut32.lib uuid.lib odbc32.lib odbccp32.lib /MANIFEST /ManifestFile:"Debug\StockStoreLib.dll.intermediate.manifest" /MANIFESTUAC:"level='asInvoker' uiAccess='false'" /DEBUG /PDB:"E:\WorkStation\research\StockStore\Debug\StockStoreLib.pdb" /SUBSYSTEM:WINDOWS /TLBID:1 /DYNAMICBASE /NXCOMPAT /IMPLIB:"E:\WorkStation\research\StockStore\Debug\StockStoreLib.lib" /MACHINE:X86 /DLL Debug\StockStoreLib.res
         Debug\StockStoreLib.dll.embed.manifest.res
         Debug\NumberTree.obj
         Debug\Stock.obj
         Debug\StockTree.obj
         Debug\StockStoreLib.obj
            正在创建库 E:\WorkStation\research\StockStore\Debug\StockStoreLib.lib 和对象 E:\WorkStation\research\StockStore\Debug\StockStoreLib.exp
       Manifest:
         C:\Program Files (x86)\Microsoft SDKs\Windows\v7.0A\bin\mt.exe /nologo /verbose /out:"Debug\StockStoreLib.dll.embed.manifest" /manifest Debug\StockStoreLib.dll.intermediate.manifest
         C:\Program Files (x86)\Microsoft SDKs\Windows\v7.0A\bin\rc.exe /nologo /fo"Debug\StockStoreLib.dll.embed.manifest.res" Debug\StockStoreLib_manifest.rc 
       LinkEmbedManifest:
         E:\ProgramFiles\Microsoft Visual Studio 10.0\VC\bin\link.exe /ERRORREPORT:PROMPT /OUT:"E:\WorkStation\research\StockStore\Debug\StockStoreLib.dll" /INCREMENTAL /NOLOGO /LIBPATH:E:\WorkStation\research\StockStore\lib lua5.1.lib kernel32.lib user32.lib gdi32.lib winspool.lib comdlg32.lib advapi32.lib shell32.lib ole32.lib oleaut32.lib uuid.lib odbc32.lib odbccp32.lib /MANIFEST /ManifestFile:"Debug\StockStoreLib.dll.intermediate.manifest" /MANIFESTUAC:"level='asInvoker' uiAccess='false'" /DEBUG /PDB:"E:\WorkStation\research\StockStore\Debug\StockStoreLib.pdb" /SUBSYSTEM:WINDOWS /TLBID:1 /DYNAMICBASE /NXCOMPAT /IMPLIB:"E:\WorkStation\research\StockStore\Debug\StockStoreLib.lib" /MACHINE:X86 /DLL Debug\StockStoreLib.res
         Debug\StockStoreLib.dll.embed.manifest.res
         Debug\NumberTree.obj
         Debug\Stock.obj
         Debug\StockTree.obj
         Debug\StockStoreLib.obj
            正在创建库 E:\WorkStation\research\StockStore\Debug\StockStoreLib.lib 和对象 E:\WorkStation\research\StockStore\Debug\StockStoreLib.exp
         StockStoreLib.vcxproj -> E:\WorkStation\research\StockStore\Debug\StockStoreLib.dll
       PostBuildEvent:
         cp E:\WorkStation\research\StockStore\Debug/StockStoreLib.dll E:\WorkStation\research\StockStore\out/
         :VCEnd
       FinalizeBuildStatus:
         正在删除文件“Debug\StockStoreLib.unsuccessfulbuild”。
         正在对“Debug\StockStoreLib.lastbuildstate”执行 Touch 任务。
     1>已完成生成项目“E:\WorkStation\research\StockStore\StockStoreLib\StockStoreLib.vcxproj”(build 个目标)的操作。

生成成功。

已用时间 00:00:00.73
